<?xml version="1.0" encoding="UTF-8"?>
<!-- Generated by org.testng.reporters.JUnitXMLReporter -->
<testsuite ignored="0" hostname="DESKTOP-7PVN15M" failures="0" tests="5" name="Default test" time="8.607" errors="0" timestamp="19 Aug 2020 08:56:39 GMT">
  <testcase classname="apipackage.TC_DataDrivenAPI" name="TestData" time="2.817"/>
  <testcase classname="apipackage.TC_DataDrivenAPI" name="TestData" time="0.721"/>
  <testcase classname="apipackage.TC_DataDrivenAPI" name="TestData" time="0.784"/>
  <testcase classname="apipackage.TC_DataDrivenAPI" name="TestData" time="0.711"/>
  <testcase classname="apipackage.TC_DataDrivenAPI" name="TestData" time="0.545"/>
</testsuite> <!-- Default test -->
