<?xml version="1.0" encoding="UTF-8"?>
<!-- Generated by org.testng.reporters.JUnitXMLReporter -->
<testsuite ignored="0" hostname="DESKTOP-7PVN15M" failures="1" tests="12" name="API Test" time="14.818" errors="0" timestamp="19 Aug 2020 17:51:53 GMT">
  <testcase classname="apipackage.TC007_JsonFilePayload" name="UserDetails" time="4.946"/>
  <testcase classname="apipackage.TC006_Authorization" name="Authorization" time="1.73">
    <failure type="java.lang.AssertionError" message="expected [200] but found [401]">
      <![CDATA[java.lang.AssertionError: expected [200] but found [401]
at apipackage.TC006_Authorization.Authorization(TC006_Authorization.java:40)
... Removed 31 stack frames]]>
    </failure>
  </testcase> <!-- Authorization -->
  <testcase classname="apipackage.TC005_ExtractValues" name="jsonresponse" time="1.0"/>
  <testcase classname="apipackage.TC002_PostRequest" name="UserDetails" time="0.776"/>
  <testcase classname="apipackage.TC004_jsonresponse" name="jsonresponse" time="0.311"/>
  <testcase classname="apipackage.TC001_GetRequest" name="UserDetails" time="0.317"/>
  <testcase classname="apipackage.TC003_HeaderResponse" name="HeaderResponse" time="0.305"/>
  <testcase classname="apipackage.TC_DataDrivenAPI" name="TestData" time="0.707"/>
  <testcase classname="apipackage.TC_DataDrivenAPI" name="TestData" time="0.751"/>
  <testcase classname="apipackage.TC_DataDrivenAPI" name="TestData" time="0.698"/>
  <testcase classname="apipackage.TC_DataDrivenAPI" name="TestData" time="0.715"/>
  <testcase classname="apipackage.TC_DataDrivenAPI" name="TestData" time="0.7"/>
</testsuite> <!-- API Test -->
