<?xml version="1.0" encoding="UTF-8"?>
<!-- Generated by org.testng.reporters.JUnitXMLReporter -->
<testsuite ignored="0" hostname="DESKTOP-7PVN15M" failures="0" tests="12" name="Test" time="14.267" errors="0" timestamp="19 Aug 2020 10:11:03 GMT">
  <testcase classname="apipackage.TC007_JsonFilePayload" name="UserDetails" time="4.59"/>
  <testcase classname="apipackage.TC006_Authorization" name="Authorization" time="2.161"/>
  <testcase classname="apipackage.TC005_ExtractValues" name="jsonresponse" time="0.518"/>
  <testcase classname="apipackage.TC002_PostRequest" name="UserDetails" time="0.784"/>
  <testcase classname="apipackage.TC004_jsonresponse" name="jsonresponse" time="0.337"/>
  <testcase classname="apipackage.TC001_GetRequest" name="UserDetails" time="0.343"/>
  <testcase classname="apipackage.TC003_HeaderResponse" name="HeaderResponse" time="0.352"/>
  <testcase classname="apipackage.TC_DataDrivenAPI" name="TestData" time="0.717"/>
  <testcase classname="apipackage.TC_DataDrivenAPI" name="TestData" time="0.732"/>
  <testcase classname="apipackage.TC_DataDrivenAPI" name="TestData" time="0.733"/>
  <testcase classname="apipackage.TC_DataDrivenAPI" name="TestData" time="0.726"/>
  <testcase classname="apipackage.TC_DataDrivenAPI" name="TestData" time="0.742"/>
</testsuite> <!-- Test -->
