<?xml version="1.0" encoding="UTF-8"?>
<!-- Generated by org.testng.reporters.JUnitXMLReporter -->
<testsuite ignored="0" hostname="DESKTOP-7PVN15M" failures="1" tests="12" name="Test" time="14.031" errors="0" timestamp="19 Aug 2020 17:28:26 GMT">
  <testcase classname="apipackage.TC007_JsonFilePayload" name="UserDetails" time="4.943"/>
  <testcase classname="apipackage.TC006_Authorization" name="Authorization" time="1.685">
    <failure type="java.lang.AssertionError" message="expected [200] but found [401]">
      <![CDATA[java.lang.AssertionError: expected [200] but found [401]
at apipackage.TC006_Authorization.Authorization(TC006_Authorization.java:40)
... Removed 31 stack frames]]>
    </failure>
  </testcase> <!-- Authorization -->
  <testcase classname="apipackage.TC005_ExtractValues" name="jsonresponse" time="0.388"/>
  <testcase classname="apipackage.TC002_PostRequest" name="UserDetails" time="0.58"/>
  <testcase classname="apipackage.TC004_jsonresponse" name="jsonresponse" time="0.361"/>
  <testcase classname="apipackage.TC001_GetRequest" name="UserDetails" time="0.324"/>
  <testcase classname="apipackage.TC003_HeaderResponse" name="HeaderResponse" time="0.316"/>
  <testcase classname="apipackage.TC_DataDrivenAPI" name="TestData" time="0.743"/>
  <testcase classname="apipackage.TC_DataDrivenAPI" name="TestData" time="0.791"/>
  <testcase classname="apipackage.TC_DataDrivenAPI" name="TestData" time="0.749"/>
  <testcase classname="apipackage.TC_DataDrivenAPI" name="TestData" time="0.717"/>
  <testcase classname="apipackage.TC_DataDrivenAPI" name="TestData" time="0.717"/>
</testsuite> <!-- Test -->
