<?xml version="1.0" encoding="UTF-8"?>
<testng-results ignored="0" total="5" passed="5" failed="0" skipped="0">
  <reporter-output>
  </reporter-output>
  <suite started-at="2020-08-19T08:56:30Z" name="Default suite" finished-at="2020-08-19T08:56:39Z" duration-ms="8607">
    <groups>
    </groups>
    <test started-at="2020-08-19T08:56:30Z" name="Default test" finished-at="2020-08-19T08:56:39Z" duration-ms="8607">
      <class name="apipackage.TC_DataDrivenAPI">
        <test-method is-config="true" signature="logrecord()[pri:0, instance:apipackage.TC_DataDrivenAPI@6a01e23]" started-at="2020-08-19T08:56:30Z" name="logrecord" finished-at="2020-08-19T08:56:30Z" duration-ms="128" status="PASS">
          <reporter-output>
          </reporter-output>
        </test-method> <!-- logrecord -->
        <test-method is-config="true" signature="UserDetails()[pri:0, instance:apipackage.TC_DataDrivenAPI@6a01e23]" started-at="2020-08-19T08:56:30Z" name="UserDetails" finished-at="2020-08-19T08:56:32Z" duration-ms="1308" status="PASS">
          <reporter-output>
          </reporter-output>
        </test-method> <!-- UserDetails -->
        <test-method signature="TestData(java.lang.String, java.lang.String)[pri:0, instance:apipackage.TC_DataDrivenAPI@6a01e23]" started-at="2020-08-19T08:56:33Z" name="TestData" data-provider="exceluserdata" finished-at="2020-08-19T08:56:36Z" duration-ms="2817" status="PASS">
          <params>
            <param index="0">
              <value>
                <![CDATA[ABC]]>
              </value>
            </param>
            <param index="1">
              <value>
                <![CDATA[Lead]]>
              </value>
            </param>
          </params>
          <reporter-output>
          </reporter-output>
        </test-method> <!-- TestData -->
        <test-method signature="TestData(java.lang.String, java.lang.String)[pri:0, instance:apipackage.TC_DataDrivenAPI@6a01e23]" started-at="2020-08-19T08:56:36Z" name="TestData" data-provider="exceluserdata" finished-at="2020-08-19T08:56:37Z" duration-ms="721" status="PASS">
          <params>
            <param index="0">
              <value>
                <![CDATA[PQR]]>
              </value>
            </param>
            <param index="1">
              <value>
                <![CDATA[TechLead]]>
              </value>
            </param>
          </params>
          <reporter-output>
          </reporter-output>
        </test-method> <!-- TestData -->
        <test-method signature="TestData(java.lang.String, java.lang.String)[pri:0, instance:apipackage.TC_DataDrivenAPI@6a01e23]" started-at="2020-08-19T08:56:37Z" name="TestData" data-provider="exceluserdata" finished-at="2020-08-19T08:56:38Z" duration-ms="784" status="PASS">
          <params>
            <param index="0">
              <value>
                <![CDATA[STU]]>
              </value>
            </param>
            <param index="1">
              <value>
                <![CDATA[Manager]]>
              </value>
            </param>
          </params>
          <reporter-output>
          </reporter-output>
        </test-method> <!-- TestData -->
        <test-method signature="TestData(java.lang.String, java.lang.String)[pri:0, instance:apipackage.TC_DataDrivenAPI@6a01e23]" started-at="2020-08-19T08:56:38Z" name="TestData" data-provider="exceluserdata" finished-at="2020-08-19T08:56:38Z" duration-ms="711" status="PASS">
          <params>
            <param index="0">
              <value>
                <![CDATA[EFG]]>
              </value>
            </param>
            <param index="1">
              <value>
                <![CDATA[SrManager]]>
              </value>
            </param>
          </params>
          <reporter-output>
          </reporter-output>
        </test-method> <!-- TestData -->
        <test-method signature="TestData(java.lang.String, java.lang.String)[pri:0, instance:apipackage.TC_DataDrivenAPI@6a01e23]" started-at="2020-08-19T08:56:38Z" name="TestData" data-provider="exceluserdata" finished-at="2020-08-19T08:56:39Z" duration-ms="545" status="PASS">
          <params>
            <param index="0">
              <value>
                <![CDATA[GHI]]>
              </value>
            </param>
            <param index="1">
              <value>
                <![CDATA[Director]]>
              </value>
            </param>
          </params>
          <reporter-output>
          </reporter-output>
        </test-method> <!-- TestData -->
      </class> <!-- apipackage.TC_DataDrivenAPI -->
    </test> <!-- Default test -->
  </suite> <!-- Default suite -->
</testng-results>
