<?xml version="1.0" encoding="UTF-8"?>
<testng-results ignored="0" total="12" passed="12" failed="0" skipped="0">
  <reporter-output>
  </reporter-output>
  <suite started-at="2020-08-19T10:10:49Z" name="Suite" finished-at="2020-08-19T10:11:03Z" duration-ms="14267">
    <groups>
    </groups>
    <test started-at="2020-08-19T10:10:49Z" name="Test" finished-at="2020-08-19T10:11:03Z" duration-ms="14267">
      <class name="apipackage.TC002_PostRequest">
        <test-method is-config="true" signature="logrecord()[pri:0, instance:apipackage.TC002_PostRequest@5db250b4]" started-at="2020-08-19T10:10:56Z" name="logrecord" finished-at="2020-08-19T10:10:56Z" duration-ms="6" status="PASS">
          <reporter-output>
          </reporter-output>
        </test-method> <!-- logrecord -->
        <test-method signature="UserDetails()[pri:0, instance:apipackage.TC002_PostRequest@5db250b4]" started-at="2020-08-19T10:10:56Z" name="UserDetails" finished-at="2020-08-19T10:10:57Z" duration-ms="784" status="PASS">
          <reporter-output>
          </reporter-output>
        </test-method> <!-- UserDetails -->
      </class> <!-- apipackage.TC002_PostRequest -->
      <class name="apipackage.TC001_GetRequest">
        <test-method is-config="true" signature="logrecord()[pri:0, instance:apipackage.TC001_GetRequest@38c5cc4c]" started-at="2020-08-19T10:10:58Z" name="logrecord" finished-at="2020-08-19T10:10:58Z" duration-ms="6" status="PASS">
          <reporter-output>
          </reporter-output>
        </test-method> <!-- logrecord -->
        <test-method signature="UserDetails()[pri:0, instance:apipackage.TC001_GetRequest@38c5cc4c]" started-at="2020-08-19T10:10:58Z" name="UserDetails" finished-at="2020-08-19T10:10:58Z" duration-ms="343" status="PASS">
          <reporter-output>
          </reporter-output>
        </test-method> <!-- UserDetails -->
      </class> <!-- apipackage.TC001_GetRequest -->
      <class name="apipackage.TC_DataDrivenAPI">
        <test-method is-config="true" signature="logrecord()[pri:0, instance:apipackage.TC_DataDrivenAPI@78e94dcf]" started-at="2020-08-19T10:10:58Z" name="logrecord" finished-at="2020-08-19T10:10:58Z" duration-ms="8" status="PASS">
          <reporter-output>
          </reporter-output>
        </test-method> <!-- logrecord -->
        <test-method is-config="true" signature="UserDetails()[pri:0, instance:apipackage.TC_DataDrivenAPI@78e94dcf]" started-at="2020-08-19T10:10:58Z" name="UserDetails" finished-at="2020-08-19T10:10:58Z" duration-ms="9" status="PASS">
          <reporter-output>
          </reporter-output>
        </test-method> <!-- UserDetails -->
        <test-method signature="TestData(java.lang.String, java.lang.String)[pri:0, instance:apipackage.TC_DataDrivenAPI@78e94dcf]" started-at="2020-08-19T10:11:00Z" name="TestData" data-provider="exceluserdata" finished-at="2020-08-19T10:11:00Z" duration-ms="717" status="PASS">
          <params>
            <param index="0">
              <value>
                <![CDATA[ABC]]>
              </value>
            </param>
            <param index="1">
              <value>
                <![CDATA[Lead]]>
              </value>
            </param>
          </params>
          <reporter-output>
          </reporter-output>
        </test-method> <!-- TestData -->
        <test-method signature="TestData(java.lang.String, java.lang.String)[pri:0, instance:apipackage.TC_DataDrivenAPI@78e94dcf]" started-at="2020-08-19T10:11:00Z" name="TestData" data-provider="exceluserdata" finished-at="2020-08-19T10:11:01Z" duration-ms="732" status="PASS">
          <params>
            <param index="0">
              <value>
                <![CDATA[PQR]]>
              </value>
            </param>
            <param index="1">
              <value>
                <![CDATA[TechLead]]>
              </value>
            </param>
          </params>
          <reporter-output>
          </reporter-output>
        </test-method> <!-- TestData -->
        <test-method signature="TestData(java.lang.String, java.lang.String)[pri:0, instance:apipackage.TC_DataDrivenAPI@78e94dcf]" started-at="2020-08-19T10:11:01Z" name="TestData" data-provider="exceluserdata" finished-at="2020-08-19T10:11:02Z" duration-ms="733" status="PASS">
          <params>
            <param index="0">
              <value>
                <![CDATA[STU]]>
              </value>
            </param>
            <param index="1">
              <value>
                <![CDATA[Manager]]>
              </value>
            </param>
          </params>
          <reporter-output>
          </reporter-output>
        </test-method> <!-- TestData -->
        <test-method signature="TestData(java.lang.String, java.lang.String)[pri:0, instance:apipackage.TC_DataDrivenAPI@78e94dcf]" started-at="2020-08-19T10:11:02Z" name="TestData" data-provider="exceluserdata" finished-at="2020-08-19T10:11:03Z" duration-ms="726" status="PASS">
          <params>
            <param index="0">
              <value>
                <![CDATA[EFG]]>
              </value>
            </param>
            <param index="1">
              <value>
                <![CDATA[SrManager]]>
              </value>
            </param>
          </params>
          <reporter-output>
          </reporter-output>
        </test-method> <!-- TestData -->
        <test-method signature="TestData(java.lang.String, java.lang.String)[pri:0, instance:apipackage.TC_DataDrivenAPI@78e94dcf]" started-at="2020-08-19T10:11:03Z" name="TestData" data-provider="exceluserdata" finished-at="2020-08-19T10:11:03Z" duration-ms="742" status="PASS">
          <params>
            <param index="0">
              <value>
                <![CDATA[GHI]]>
              </value>
            </param>
            <param index="1">
              <value>
                <![CDATA[Director]]>
              </value>
            </param>
          </params>
          <reporter-output>
          </reporter-output>
        </test-method> <!-- TestData -->
      </class> <!-- apipackage.TC_DataDrivenAPI -->
      <class name="apipackage.TC003_HeaderResponse">
        <test-method is-config="true" signature="logrecord()[pri:0, instance:apipackage.TC003_HeaderResponse@37918c79]" started-at="2020-08-19T10:10:58Z" name="logrecord" finished-at="2020-08-19T10:10:58Z" duration-ms="6" status="PASS">
          <reporter-output>
          </reporter-output>
        </test-method> <!-- logrecord -->
        <test-method signature="HeaderResponse()[pri:0, instance:apipackage.TC003_HeaderResponse@37918c79]" started-at="2020-08-19T10:10:58Z" name="HeaderResponse" finished-at="2020-08-19T10:10:58Z" duration-ms="352" status="PASS">
          <reporter-output>
          </reporter-output>
        </test-method> <!-- HeaderResponse -->
      </class> <!-- apipackage.TC003_HeaderResponse -->
      <class name="apipackage.TC007_JsonFilePayload">
        <test-method is-config="true" signature="logrecord()[pri:0, instance:apipackage.TC007_JsonFilePayload@184cf7cf]" started-at="2020-08-19T10:10:49Z" name="logrecord" finished-at="2020-08-19T10:10:49Z" duration-ms="122" status="PASS">
          <reporter-output>
          </reporter-output>
        </test-method> <!-- logrecord -->
        <test-method signature="UserDetails()[pri:0, instance:apipackage.TC007_JsonFilePayload@184cf7cf]" started-at="2020-08-19T10:10:49Z" name="UserDetails" finished-at="2020-08-19T10:10:54Z" duration-ms="4590" status="PASS">
          <reporter-output>
          </reporter-output>
        </test-method> <!-- UserDetails -->
      </class> <!-- apipackage.TC007_JsonFilePayload -->
      <class name="apipackage.TC004_jsonresponse">
        <test-method is-config="true" signature="logrecord()[pri:0, instance:apipackage.TC004_jsonresponse@223f3642]" started-at="2020-08-19T10:10:57Z" name="logrecord" finished-at="2020-08-19T10:10:57Z" duration-ms="3" status="PASS">
          <reporter-output>
          </reporter-output>
        </test-method> <!-- logrecord -->
        <test-method signature="jsonresponse()[pri:0, instance:apipackage.TC004_jsonresponse@223f3642]" started-at="2020-08-19T10:10:57Z" name="jsonresponse" finished-at="2020-08-19T10:10:58Z" duration-ms="337" status="PASS">
          <reporter-output>
          </reporter-output>
        </test-method> <!-- jsonresponse -->
      </class> <!-- apipackage.TC004_jsonresponse -->
      <class name="apipackage.TC006_Authorization">
        <test-method is-config="true" signature="logrecord()[pri:0, instance:apipackage.TC006_Authorization@2fd6b6c7]" started-at="2020-08-19T10:10:54Z" name="logrecord" finished-at="2020-08-19T10:10:54Z" duration-ms="5" status="PASS">
          <reporter-output>
          </reporter-output>
        </test-method> <!-- logrecord -->
        <test-method signature="Authorization()[pri:0, instance:apipackage.TC006_Authorization@2fd6b6c7]" started-at="2020-08-19T10:10:54Z" name="Authorization" finished-at="2020-08-19T10:10:56Z" duration-ms="2161" status="PASS">
          <reporter-output>
          </reporter-output>
        </test-method> <!-- Authorization -->
      </class> <!-- apipackage.TC006_Authorization -->
      <class name="apipackage.TC005_ExtractValues">
        <test-method is-config="true" signature="logrecord()[pri:0, instance:apipackage.TC005_ExtractValues@5bfa9431]" started-at="2020-08-19T10:10:56Z" name="logrecord" finished-at="2020-08-19T10:10:56Z" duration-ms="4" status="PASS">
          <reporter-output>
          </reporter-output>
        </test-method> <!-- logrecord -->
        <test-method signature="jsonresponse()[pri:0, instance:apipackage.TC005_ExtractValues@5bfa9431]" started-at="2020-08-19T10:10:56Z" name="jsonresponse" finished-at="2020-08-19T10:10:56Z" duration-ms="518" status="PASS">
          <reporter-output>
          </reporter-output>
        </test-method> <!-- jsonresponse -->
      </class> <!-- apipackage.TC005_ExtractValues -->
    </test> <!-- Test -->
  </suite> <!-- Suite -->
</testng-results>
