<?xml version="1.0" encoding="UTF-8"?>
<testng-results ignored="0" total="5" passed="5" failed="0" skipped="0">
  <reporter-output>
  </reporter-output>
  <suite started-at="2020-08-19T04:46:01Z" name="Default suite" finished-at="2020-08-19T04:46:09Z" duration-ms="7878">
    <groups>
    </groups>
    <test started-at="2020-08-19T04:46:01Z" name="Default test" finished-at="2020-08-19T04:46:09Z" duration-ms="7878">
      <class name="apipackage.TC_DataDrivenAPI">
        <test-method signature="UserDetails(java.lang.String, java.lang.String)[pri:0, instance:apipackage.TC_DataDrivenAPI@7a52f2a2]" started-at="2020-08-19T04:46:02Z" name="UserDetails" data-provider="exceluserdata" finished-at="2020-08-19T04:46:06Z" duration-ms="3544" status="PASS">
          <params>
            <param index="0">
              <value>
                <![CDATA[ABC]]>
              </value>
            </param>
            <param index="1">
              <value>
                <![CDATA[Lead]]>
              </value>
            </param>
          </params>
          <reporter-output>
          </reporter-output>
        </test-method> <!-- UserDetails -->
        <test-method signature="UserDetails(java.lang.String, java.lang.String)[pri:0, instance:apipackage.TC_DataDrivenAPI@7a52f2a2]" started-at="2020-08-19T04:46:06Z" name="UserDetails" data-provider="exceluserdata" finished-at="2020-08-19T04:46:06Z" duration-ms="717" status="PASS">
          <params>
            <param index="0">
              <value>
                <![CDATA[PQR]]>
              </value>
            </param>
            <param index="1">
              <value>
                <![CDATA[TechLead]]>
              </value>
            </param>
          </params>
          <reporter-output>
          </reporter-output>
        </test-method> <!-- UserDetails -->
        <test-method signature="UserDetails(java.lang.String, java.lang.String)[pri:0, instance:apipackage.TC_DataDrivenAPI@7a52f2a2]" started-at="2020-08-19T04:46:06Z" name="UserDetails" data-provider="exceluserdata" finished-at="2020-08-19T04:46:07Z" duration-ms="767" status="PASS">
          <params>
            <param index="0">
              <value>
                <![CDATA[STU]]>
              </value>
            </param>
            <param index="1">
              <value>
                <![CDATA[Manager]]>
              </value>
            </param>
          </params>
          <reporter-output>
          </reporter-output>
        </test-method> <!-- UserDetails -->
        <test-method signature="UserDetails(java.lang.String, java.lang.String)[pri:0, instance:apipackage.TC_DataDrivenAPI@7a52f2a2]" started-at="2020-08-19T04:46:07Z" name="UserDetails" data-provider="exceluserdata" finished-at="2020-08-19T04:46:08Z" duration-ms="738" status="PASS">
          <params>
            <param index="0">
              <value>
                <![CDATA[EFG]]>
              </value>
            </param>
            <param index="1">
              <value>
                <![CDATA[SrManager]]>
              </value>
            </param>
          </params>
          <reporter-output>
          </reporter-output>
        </test-method> <!-- UserDetails -->
        <test-method signature="UserDetails(java.lang.String, java.lang.String)[pri:0, instance:apipackage.TC_DataDrivenAPI@7a52f2a2]" started-at="2020-08-19T04:46:08Z" name="UserDetails" data-provider="exceluserdata" finished-at="2020-08-19T04:46:09Z" duration-ms="706" status="PASS">
          <params>
            <param index="0">
              <value>
                <![CDATA[GHI]]>
              </value>
            </param>
            <param index="1">
              <value>
                <![CDATA[Director]]>
              </value>
            </param>
          </params>
          <reporter-output>
          </reporter-output>
        </test-method> <!-- UserDetails -->
      </class> <!-- apipackage.TC_DataDrivenAPI -->
    </test> <!-- Default test -->
  </suite> <!-- Default suite -->
</testng-results>
